{"/Users/barczewski/Documents/Entwicklung/Privat/etos/geldstueckelung/src/utils.ts": {"path":"/Users/barczewski/Documents/Entwicklung/Privat/etos/geldstueckelung/src/utils.ts","statementMap":{"0":{"start":{"line":1,"column":35},"end":{"line":7,"column":null}},"1":{"start":{"line":2,"column":22},"end":{"line":2,"column":null}},"2":{"start":{"line":3,"column":2},"end":{"line":3,"column":9}},"3":{"start":{"line":1,"column":13},"end":{"line":1,"column":31}},"4":{"start":{"line":9,"column":41},"end":{"line":32,"column":null}},"5":{"start":{"line":10,"column":2},"end":{"line":12,"column":null}},"6":{"start":{"line":11,"column":4},"end":{"line":11,"column":11}},"7":{"start":{"line":13,"column":2},"end":{"line":15,"column":null}},"8":{"start":{"line":14,"column":4},"end":{"line":14,"column":11}},"9":{"start":{"line":16,"column":2},"end":{"line":18,"column":null}},"10":{"start":{"line":17,"column":4},"end":{"line":17,"column":11}},"11":{"start":{"line":19,"column":2},"end":{"line":21,"column":null}},"12":{"start":{"line":20,"column":4},"end":{"line":20,"column":11}},"13":{"start":{"line":22,"column":2},"end":{"line":24,"column":null}},"14":{"start":{"line":23,"column":4},"end":{"line":23,"column":11}},"15":{"start":{"line":25,"column":2},"end":{"line":27,"column":null}},"16":{"start":{"line":26,"column":4},"end":{"line":26,"column":11}},"17":{"start":{"line":28,"column":2},"end":{"line":30,"column":null}},"18":{"start":{"line":29,"column":4},"end":{"line":29,"column":11}},"19":{"start":{"line":31,"column":2},"end":{"line":31,"column":9}},"20":{"start":{"line":9,"column":13},"end":{"line":9,"column":37}},"21":{"start":{"line":35,"column":27},"end":{"line":44,"column":null}},"22":{"start":{"line":40,"column":13},"end":{"line":40,"column":null}},"23":{"start":{"line":41,"column":2},"end":{"line":41,"column":6}},"24":{"start":{"line":42,"column":2},"end":{"line":42,"column":43}},"25":{"start":{"line":42,"column":36},"end":{"line":42,"column":43}},"26":{"start":{"line":43,"column":2},"end":{"line":43,"column":9}},"27":{"start":{"line":35,"column":13},"end":{"line":35,"column":24}},"28":{"start":{"line":46,"column":32},"end":{"line":50,"column":null}},"29":{"start":{"line":47,"column":2},"end":{"line":47,"column":31}},"30":{"start":{"line":47,"column":24},"end":{"line":47,"column":31}},"31":{"start":{"line":48,"column":15},"end":{"line":48,"column":20}},"32":{"start":{"line":49,"column":2},"end":{"line":49,"column":9}},"33":{"start":{"line":46,"column":13},"end":{"line":46,"column":28}}},"fnMap":{"0":{"name":"(anonymous_0)","decl":{"start":{"line":1,"column":35},"end":{"line":1,"column":69}},"loc":{"start":{"line":1,"column":69},"end":{"line":7,"column":null}}},"1":{"name":"(anonymous_1)","decl":{"start":{"line":9,"column":41},"end":{"line":9,"column":68}},"loc":{"start":{"line":9,"column":68},"end":{"line":32,"column":null}}},"2":{"name":"(anonymous_2)","decl":{"start":{"line":35,"column":27},"end":{"line":35,"column":null}},"loc":{"start":{"line":39,"column":12},"end":{"line":44,"column":null}}},"3":{"name":"(anonymous_3)","decl":{"start":{"line":46,"column":32},"end":{"line":46,"column":57}},"loc":{"start":{"line":46,"column":57},"end":{"line":50,"column":null}}}},"branchMap":{"0":{"loc":{"start":{"line":2,"column":50},"end":{"line":2,"column":61}},"type":"cond-expr","locations":[{"start":{"line":2,"column":50},"end":{"line":2,"column":61}},{"start":{"line":2,"column":70},"end":{"line":2,"column":null}}]},"1":{"loc":{"start":{"line":10,"column":2},"end":{"line":12,"column":null}},"type":"if","locations":[{"start":{"line":10,"column":2},"end":{"line":12,"column":null}},{"start":{"line":10,"column":2},"end":{"line":12,"column":null}}]},"2":{"loc":{"start":{"line":10,"column":6},"end":{"line":10,"column":22}},"type":"binary-expr","locations":[{"start":{"line":10,"column":6},"end":{"line":10,"column":22}},{"start":{"line":10,"column":22},"end":{"line":10,"column":36}}]},"3":{"loc":{"start":{"line":13,"column":2},"end":{"line":15,"column":null}},"type":"if","locations":[{"start":{"line":13,"column":2},"end":{"line":15,"column":null}},{"start":{"line":13,"column":2},"end":{"line":15,"column":null}}]},"4":{"loc":{"start":{"line":13,"column":6},"end":{"line":13,"column":22}},"type":"binary-expr","locations":[{"start":{"line":13,"column":6},"end":{"line":13,"column":22}},{"start":{"line":13,"column":22},"end":{"line":13,"column":35}}]},"5":{"loc":{"start":{"line":16,"column":2},"end":{"line":18,"column":null}},"type":"if","locations":[{"start":{"line":16,"column":2},"end":{"line":18,"column":null}},{"start":{"line":16,"column":2},"end":{"line":18,"column":null}}]},"6":{"loc":{"start":{"line":16,"column":6},"end":{"line":16,"column":22}},"type":"binary-expr","locations":[{"start":{"line":16,"column":6},"end":{"line":16,"column":22}},{"start":{"line":16,"column":22},"end":{"line":16,"column":35}}]},"7":{"loc":{"start":{"line":19,"column":2},"end":{"line":21,"column":null}},"type":"if","locations":[{"start":{"line":19,"column":2},"end":{"line":21,"column":null}},{"start":{"line":19,"column":2},"end":{"line":21,"column":null}}]},"8":{"loc":{"start":{"line":19,"column":6},"end":{"line":19,"column":21}},"type":"binary-expr","locations":[{"start":{"line":19,"column":6},"end":{"line":19,"column":21}},{"start":{"line":19,"column":21},"end":{"line":19,"column":34}}]},"9":{"loc":{"start":{"line":22,"column":2},"end":{"line":24,"column":null}},"type":"if","locations":[{"start":{"line":22,"column":2},"end":{"line":24,"column":null}},{"start":{"line":22,"column":2},"end":{"line":24,"column":null}}]},"10":{"loc":{"start":{"line":22,"column":6},"end":{"line":22,"column":20}},"type":"binary-expr","locations":[{"start":{"line":22,"column":6},"end":{"line":22,"column":20}},{"start":{"line":22,"column":20},"end":{"line":22,"column":32}}]},"11":{"loc":{"start":{"line":25,"column":2},"end":{"line":27,"column":null}},"type":"if","locations":[{"start":{"line":25,"column":2},"end":{"line":27,"column":null}},{"start":{"line":25,"column":2},"end":{"line":27,"column":null}}]},"12":{"loc":{"start":{"line":25,"column":6},"end":{"line":25,"column":20}},"type":"binary-expr","locations":[{"start":{"line":25,"column":6},"end":{"line":25,"column":20}},{"start":{"line":25,"column":20},"end":{"line":25,"column":31}}]},"13":{"loc":{"start":{"line":28,"column":2},"end":{"line":30,"column":null}},"type":"if","locations":[{"start":{"line":28,"column":2},"end":{"line":30,"column":null}},{"start":{"line":28,"column":2},"end":{"line":30,"column":null}}]},"14":{"loc":{"start":{"line":38,"column":14},"end":{"line":38,"column":null}},"type":"default-arg","locations":[{"start":{"line":38,"column":14},"end":{"line":38,"column":null}}]},"15":{"loc":{"start":{"line":42,"column":2},"end":{"line":42,"column":43}},"type":"if","locations":[{"start":{"line":42,"column":2},"end":{"line":42,"column":43}},{"start":{"line":42,"column":2},"end":{"line":42,"column":43}}]},"16":{"loc":{"start":{"line":47,"column":2},"end":{"line":47,"column":31}},"type":"if","locations":[{"start":{"line":47,"column":2},"end":{"line":47,"column":31}},{"start":{"line":47,"column":2},"end":{"line":47,"column":31}}]}},"s":{"0":3,"1":114,"2":114,"3":3,"4":3,"5":34,"6":1,"7":33,"8":1,"9":32,"10":3,"11":29,"12":3,"13":26,"14":3,"15":23,"16":6,"17":17,"18":16,"19":1,"20":3,"21":3,"22":12,"23":12,"24":12,"25":2,"26":10,"27":3,"28":3,"29":5,"30":1,"31":4,"32":4,"33":3},"f":{"0":114,"1":34,"2":12,"3":5},"b":{"0":[48,66],"1":[1,33],"2":[34,2],"3":[1,32],"4":[33,2],"5":[3,29],"6":[32,4],"7":[3,26],"8":[29,4],"9":[3,23],"10":[26,4],"11":[6,17],"12":[23,7],"13":[16,1],"14":[11],"15":[2,10],"16":[1,4]}}
,"/Users/barczewski/Documents/Entwicklung/Privat/etos/geldstueckelung/src/components/AppHeader.vue": {"path":"/Users/barczewski/Documents/Entwicklung/Privat/etos/geldstueckelung/src/components/AppHeader.vue","statementMap":{"0":{"start":{"line":36,"column":0},"end":{"line":36,"column":null}},"1":{"start":{"line":37,"column":0},"end":{"line":37,"column":null}},"2":{"start":{"line":38,"column":0},"end":{"line":38,"column":null}},"3":{"start":{"line":39,"column":0},"end":{"line":39,"column":null}},"4":{"start":{"line":40,"column":0},"end":{"line":40,"column":null}},"5":{"start":{"line":41,"column":0},"end":{"line":41,"column":null}},"6":{"start":{"line":42,"column":0},"end":{"line":42,"column":null}},"7":{"start":{"line":44,"column":0},"end":{"line":44,"column":15}},"8":{"start":{"line":54,"column":4},"end":{"line":54,"column":11}}},"fnMap":{"0":{"name":"(anonymous_0)","decl":{"start":{"line":53,"column":6},"end":{"line":53,"column":null}},"loc":{"start":{"line":53,"column":6},"end":{"line":57,"column":null}}}},"branchMap":{},"s":{"0":1,"1":1,"2":1,"3":1,"4":1,"5":1,"6":1,"7":1,"8":1},"f":{"0":1},"b":{}}
,"/Users/barczewski/Documents/Entwicklung/Privat/etos/geldstueckelung/src/components/AppMain.vue": {"path":"/Users/barczewski/Documents/Entwicklung/Privat/etos/geldstueckelung/src/components/AppMain.vue","statementMap":{"0":{"start":{"line":133,"column":0},"end":{"line":133,"column":null}},"1":{"start":{"line":134,"column":0},"end":{"line":134,"column":null}},"2":{"start":{"line":135,"column":0},"end":{"line":135,"column":null}},"3":{"start":{"line":136,"column":0},"end":{"line":136,"column":null}},"4":{"start":{"line":137,"column":0},"end":{"line":137,"column":null}},"5":{"start":{"line":139,"column":0},"end":{"line":139,"column":null}},"6":{"start":{"line":146,"column":0},"end":{"line":146,"column":5}},"7":{"start":{"line":147,"column":2},"end":{"line":147,"column":null}},"8":{"start":{"line":148,"column":2},"end":{"line":148,"column":null}},"9":{"start":{"line":151,"column":0},"end":{"line":151,"column":15}},"10":{"start":{"line":155,"column":4},"end":{"line":155,"column":11}},"11":{"start":{"line":165,"column":4},"end":{"line":165,"column":10}},"12":{"start":{"line":168,"column":4},"end":{"line":168,"column":10}},"13":{"start":{"line":176,"column":6},"end":{"line":182,"column":null}},"14":{"start":{"line":177,"column":8},"end":{"line":181,"column":null}},"15":{"start":{"line":178,"column":10},"end":{"line":178,"column":15}},"16":{"start":{"line":179,"column":15},"end":{"line":181,"column":null}},"17":{"start":{"line":180,"column":10},"end":{"line":180,"column":15}},"18":{"start":{"line":185,"column":6},"end":{"line":185,"column":11}},"19":{"start":{"line":186,"column":6},"end":{"line":186,"column":11}},"20":{"start":{"line":187,"column":6},"end":{"line":187,"column":11}},"21":{"start":{"line":190,"column":6},"end":{"line":190,"column":11}},"22":{"start":{"line":191,"column":6},"end":{"line":191,"column":11}},"23":{"start":{"line":194,"column":6},"end":{"line":194,"column":11}},"24":{"start":{"line":197,"column":6},"end":{"line":197,"column":11}},"25":{"start":{"line":199,"column":8},"end":{"line":199,"column":null}},"26":{"start":{"line":200,"column":6},"end":{"line":204,"column":null}},"27":{"start":{"line":201,"column":8},"end":{"line":201,"column":21}},"28":{"start":{"line":203,"column":8},"end":{"line":203,"column":21}},"29":{"start":{"line":205,"column":6},"end":{"line":209,"column":null}},"30":{"start":{"line":206,"column":8},"end":{"line":206,"column":13}},"31":{"start":{"line":208,"column":8},"end":{"line":208,"column":13}},"32":{"start":{"line":212,"column":6},"end":{"line":212,"column":11}},"33":{"start":{"line":215,"column":30},"end":{"line":215,"column":41}},"34":{"start":{"line":216,"column":32},"end":{"line":216,"column":43}},"35":{"start":{"line":217,"column":6},"end":{"line":221,"column":null}},"36":{"start":{"line":218,"column":8},"end":{"line":218,"column":13}},"37":{"start":{"line":220,"column":8},"end":{"line":220,"column":13}}},"fnMap":{"0":{"name":"(anonymous_0)","decl":{"start":{"line":146,"column":0},"end":{"line":146,"column":5}},"loc":{"start":{"line":146,"column":10},"end":{"line":149,"column":null}}},"1":{"name":"(anonymous_1)","decl":{"start":{"line":154,"column":2},"end":{"line":154,"column":6}},"loc":{"start":{"line":154,"column":2},"end":{"line":163,"column":null}}},"2":{"name":"(anonymous_2)","decl":{"start":{"line":164,"column":9},"end":{"line":164,"column":null}},"loc":{"start":{"line":164,"column":9},"end":{"line":166,"column":null}}},"3":{"name":"(anonymous_3)","decl":{"start":{"line":167,"column":11},"end":{"line":167,"column":null}},"loc":{"start":{"line":167,"column":11},"end":{"line":169,"column":null}}},"4":{"name":"(anonymous_4)","decl":{"start":{"line":175,"column":4},"end":{"line":175,"column":22}},"loc":{"start":{"line":175,"column":39},"end":{"line":183,"column":null}}},"5":{"name":"(anonymous_5)","decl":{"start":{"line":184,"column":14},"end":{"line":184,"column":null}},"loc":{"start":{"line":184,"column":14},"end":{"line":188,"column":null}}},"6":{"name":"(anonymous_6)","decl":{"start":{"line":189,"column":16},"end":{"line":189,"column":null}},"loc":{"start":{"line":189,"column":16},"end":{"line":192,"column":null}}},"7":{"name":"(anonymous_7)","decl":{"start":{"line":193,"column":4},"end":{"line":193,"column":15}},"loc":{"start":{"line":193,"column":28},"end":{"line":195,"column":null}}},"8":{"name":"(anonymous_8)","decl":{"start":{"line":196,"column":4},"end":{"line":196,"column":22}},"loc":{"start":{"line":196,"column":45},"end":{"line":210,"column":null}}},"9":{"name":"(anonymous_9)","decl":{"start":{"line":211,"column":4},"end":{"line":211,"column":31}},"loc":{"start":{"line":211,"column":45},"end":{"line":213,"column":null}}},"10":{"name":"(anonymous_10)","decl":{"start":{"line":214,"column":18},"end":{"line":214,"column":null}},"loc":{"start":{"line":214,"column":18},"end":{"line":222,"column":null}}}},"branchMap":{"0":{"loc":{"start":{"line":146,"column":5},"end":{"line":146,"column":10}},"type":"binary-expr","locations":[{"start":{"line":146,"column":5},"end":{"line":146,"column":10}},{"start":{"line":146,"column":5},"end":{"line":146,"column":null}}]},"1":{"loc":{"start":{"line":176,"column":6},"end":{"line":182,"column":null}},"type":"if","locations":[{"start":{"line":176,"column":6},"end":{"line":182,"column":null}},{"start":{"line":176,"column":6},"end":{"line":182,"column":null}}]},"2":{"loc":{"start":{"line":177,"column":8},"end":{"line":181,"column":null}},"type":"if","locations":[{"start":{"line":177,"column":8},"end":{"line":181,"column":null}},{"start":{"line":177,"column":8},"end":{"line":181,"column":null}}]},"3":{"loc":{"start":{"line":179,"column":15},"end":{"line":181,"column":null}},"type":"if","locations":[{"start":{"line":179,"column":15},"end":{"line":181,"column":null}},{"start":{"line":179,"column":15},"end":{"line":181,"column":null}}]},"4":{"loc":{"start":{"line":199,"column":43},"end":{"line":199,"column":60}},"type":"cond-expr","locations":[{"start":{"line":199,"column":43},"end":{"line":199,"column":60}},{"start":{"line":199,"column":60},"end":{"line":199,"column":null}}]},"5":{"loc":{"start":{"line":200,"column":6},"end":{"line":204,"column":null}},"type":"if","locations":[{"start":{"line":200,"column":6},"end":{"line":204,"column":null}},{"start":{"line":200,"column":6},"end":{"line":204,"column":null}}]},"6":{"loc":{"start":{"line":205,"column":6},"end":{"line":209,"column":null}},"type":"if","locations":[{"start":{"line":205,"column":6},"end":{"line":209,"column":null}},{"start":{"line":205,"column":6},"end":{"line":209,"column":null}}]},"7":{"loc":{"start":{"line":217,"column":6},"end":{"line":221,"column":null}},"type":"if","locations":[{"start":{"line":217,"column":6},"end":{"line":221,"column":null}},{"start":{"line":217,"column":6},"end":{"line":221,"column":null}}]}},"s":{"0":1,"1":1,"2":1,"3":1,"4":1,"5":1,"6":1,"7":1,"8":1,"9":1,"10":9,"11":9,"12":1,"13":2,"14":2,"15":1,"16":1,"17":1,"18":1,"19":1,"20":1,"21":2,"22":2,"23":1,"24":8,"25":8,"26":8,"27":1,"28":7,"29":8,"30":5,"31":3,"32":1,"33":2,"34":2,"35":2,"36":1,"37":1},"f":{"0":1,"1":9,"2":9,"3":1,"4":2,"5":1,"6":2,"7":1,"8":8,"9":1,"10":2},"b":{"0":[1,1],"1":[2,0],"2":[1,1],"3":[1,0],"4":[5,3],"5":[1,7],"6":[5,3],"7":[1,1]}}
,"/Users/barczewski/Documents/Entwicklung/Privat/etos/geldstueckelung/src/components/AppModal.vue": {"path":"/Users/barczewski/Documents/Entwicklung/Privat/etos/geldstueckelung/src/components/AppModal.vue","statementMap":{"0":{"start":{"line":13,"column":0},"end":{"line":13,"column":null}},"1":{"start":{"line":14,"column":0},"end":{"line":14,"column":15}}},"fnMap":{},"branchMap":{},"s":{"0":2,"1":2},"f":{},"b":{}}
,"/Users/barczewski/Documents/Entwicklung/Privat/etos/geldstueckelung/src/components/NumericKeyPad.vue": {"path":"/Users/barczewski/Documents/Entwicklung/Privat/etos/geldstueckelung/src/components/NumericKeyPad.vue","statementMap":{"0":{"start":{"line":16,"column":0},"end":{"line":16,"column":null}},"1":{"start":{"line":18,"column":0},"end":{"line":18,"column":15}},"2":{"start":{"line":21,"column":4},"end":{"line":21,"column":11}},"3":{"start":{"line":26,"column":4},"end":{"line":26,"column":10}},"4":{"start":{"line":29,"column":4},"end":{"line":29,"column":10}},"5":{"start":{"line":33,"column":6},"end":{"line":33,"column":11}},"6":{"start":{"line":36,"column":6},"end":{"line":36,"column":14}},"7":{"start":{"line":38,"column":10},"end":{"line":38,"column":17}},"8":{"start":{"line":40,"column":10},"end":{"line":40,"column":17}},"9":{"start":{"line":44,"column":6},"end":{"line":45,"column":13}},"10":{"start":{"line":45,"column":8},"end":{"line":45,"column":13}},"11":{"start":{"line":46,"column":6},"end":{"line":46,"column":38}},"12":{"start":{"line":46,"column":33},"end":{"line":46,"column":38}}},"fnMap":{"0":{"name":"(anonymous_0)","decl":{"start":{"line":20,"column":6},"end":{"line":20,"column":null}},"loc":{"start":{"line":20,"column":6},"end":{"line":24,"column":null}}},"1":{"name":"(anonymous_1)","decl":{"start":{"line":25,"column":9},"end":{"line":25,"column":null}},"loc":{"start":{"line":25,"column":9},"end":{"line":27,"column":null}}},"2":{"name":"(anonymous_2)","decl":{"start":{"line":28,"column":11},"end":{"line":28,"column":null}},"loc":{"start":{"line":28,"column":11},"end":{"line":30,"column":null}}},"3":{"name":"(anonymous_3)","decl":{"start":{"line":32,"column":4},"end":{"line":32,"column":17}},"loc":{"start":{"line":32,"column":40},"end":{"line":34,"column":null}}},"4":{"name":"(anonymous_4)","decl":{"start":{"line":35,"column":4},"end":{"line":35,"column":16}},"loc":{"start":{"line":35,"column":30},"end":{"line":42,"column":null}}},"5":{"name":"(anonymous_5)","decl":{"start":{"line":43,"column":4},"end":{"line":43,"column":23}},"loc":{"start":{"line":43,"column":40},"end":{"line":47,"column":null}}}},"branchMap":{"0":{"loc":{"start":{"line":37,"column":8},"end":{"line":38,"column":17}},"type":"switch","locations":[{"start":{"line":37,"column":8},"end":{"line":38,"column":17}},{"start":{"line":39,"column":8},"end":{"line":40,"column":17}}]},"1":{"loc":{"start":{"line":44,"column":6},"end":{"line":45,"column":13}},"type":"if","locations":[{"start":{"line":44,"column":6},"end":{"line":45,"column":13}},{"start":{"line":44,"column":6},"end":{"line":45,"column":13}}]},"2":{"loc":{"start":{"line":46,"column":6},"end":{"line":46,"column":38}},"type":"if","locations":[{"start":{"line":46,"column":6},"end":{"line":46,"column":38}},{"start":{"line":46,"column":6},"end":{"line":46,"column":38}}]}},"s":{"0":2,"1":2,"2":14,"3":14,"4":2,"5":1,"6":168,"7":14,"8":154,"9":12,"10":3,"11":12,"12":4},"f":{"0":14,"1":14,"2":2,"3":1,"4":168,"5":12},"b":{"0":[14,154],"1":[3,9],"2":[4,8]}}
,"/Users/barczewski/Documents/Entwicklung/Privat/etos/geldstueckelung/src/components/PossibleAmounts.vue": {"path":"/Users/barczewski/Documents/Entwicklung/Privat/etos/geldstueckelung/src/components/PossibleAmounts.vue","statementMap":{"0":{"start":{"line":15,"column":0},"end":{"line":15,"column":null}},"1":{"start":{"line":16,"column":0},"end":{"line":16,"column":null}},"2":{"start":{"line":18,"column":0},"end":{"line":18,"column":15}},"3":{"start":{"line":28,"column":6},"end":{"line":28,"column":11}}},"fnMap":{"0":{"name":"(anonymous_0)","decl":{"start":{"line":27,"column":4},"end":{"line":27,"column":15}},"loc":{"start":{"line":27,"column":29},"end":{"line":29,"column":null}}}},"branchMap":{},"s":{"0":2,"1":2,"2":2,"3":1},"f":{"0":1},"b":{}}
,"/Users/barczewski/Documents/Entwicklung/Privat/etos/geldstueckelung/src/components/icons/AvatarIcon.vue": {"path":"/Users/barczewski/Documents/Entwicklung/Privat/etos/geldstueckelung/src/components/icons/AvatarIcon.vue","statementMap":{"0":{"start":{"line":10,"column":0},"end":{"line":10,"column":null}},"1":{"start":{"line":12,"column":0},"end":{"line":12,"column":15}}},"fnMap":{},"branchMap":{},"s":{"0":2,"1":2},"f":{},"b":{}}
,"/Users/barczewski/Documents/Entwicklung/Privat/etos/geldstueckelung/src/components/icons/LockedIcon.vue": {"path":"/Users/barczewski/Documents/Entwicklung/Privat/etos/geldstueckelung/src/components/icons/LockedIcon.vue","statementMap":{"0":{"start":{"line":19,"column":0},"end":{"line":19,"column":null}},"1":{"start":{"line":21,"column":0},"end":{"line":21,"column":15}}},"fnMap":{},"branchMap":{},"s":{"0":2,"1":2},"f":{},"b":{}}
,"/Users/barczewski/Documents/Entwicklung/Privat/etos/geldstueckelung/src/components/icons/MenuArrowIcon.vue": {"path":"/Users/barczewski/Documents/Entwicklung/Privat/etos/geldstueckelung/src/components/icons/MenuArrowIcon.vue","statementMap":{"0":{"start":{"line":19,"column":0},"end":{"line":19,"column":null}},"1":{"start":{"line":21,"column":0},"end":{"line":21,"column":15}}},"fnMap":{},"branchMap":{},"s":{"0":2,"1":2},"f":{},"b":{}}
,"/Users/barczewski/Documents/Entwicklung/Privat/etos/geldstueckelung/src/components/icons/MenuIcon.vue": {"path":"/Users/barczewski/Documents/Entwicklung/Privat/etos/geldstueckelung/src/components/icons/MenuIcon.vue","statementMap":{"0":{"start":{"line":19,"column":0},"end":{"line":19,"column":null}},"1":{"start":{"line":21,"column":0},"end":{"line":21,"column":15}}},"fnMap":{},"branchMap":{},"s":{"0":2,"1":2},"f":{},"b":{}}
,"/Users/barczewski/Documents/Entwicklung/Privat/etos/geldstueckelung/src/components/icons/PlusIcon.vue": {"path":"/Users/barczewski/Documents/Entwicklung/Privat/etos/geldstueckelung/src/components/icons/PlusIcon.vue","statementMap":{"0":{"start":{"line":19,"column":0},"end":{"line":19,"column":null}},"1":{"start":{"line":21,"column":0},"end":{"line":21,"column":15}}},"fnMap":{},"branchMap":{},"s":{"0":2,"1":2},"f":{},"b":{}}
}
