TN:
SF:/Users/barczewski/Documents/Entwicklung/Privat/etos/geldstueckelung/src/utils.ts
FN:1,(anonymous_0)
FN:9,(anonymous_1)
FN:35,(anonymous_2)
FN:46,(anonymous_3)
FNF:4
FNH:4
FNDA:114,(anonymous_0)
FNDA:34,(anonymous_1)
FNDA:12,(anonymous_2)
FNDA:5,(anonymous_3)
DA:1,3
DA:2,114
DA:3,114
DA:9,3
DA:10,34
DA:11,1
DA:13,33
DA:14,1
DA:16,32
DA:17,3
DA:19,29
DA:20,3
DA:22,26
DA:23,3
DA:25,23
DA:26,6
DA:28,17
DA:29,16
DA:31,1
DA:35,3
DA:40,12
DA:41,12
DA:42,12
DA:43,10
DA:46,3
DA:47,5
DA:48,4
DA:49,4
LF:28
LH:28
BRDA:2,0,0,48
BRDA:2,0,1,66
BRDA:10,1,0,1
BRDA:10,1,1,33
BRDA:10,2,0,34
BRDA:10,2,1,2
BRDA:13,3,0,1
BRDA:13,3,1,32
BRDA:13,4,0,33
BRDA:13,4,1,2
BRDA:16,5,0,3
BRDA:16,5,1,29
BRDA:16,6,0,32
BRDA:16,6,1,4
BRDA:19,7,0,3
BRDA:19,7,1,26
BRDA:19,8,0,29
BRDA:19,8,1,4
BRDA:22,9,0,3
BRDA:22,9,1,23
BRDA:22,10,0,26
BRDA:22,10,1,4
BRDA:25,11,0,6
BRDA:25,11,1,17
BRDA:25,12,0,23
BRDA:25,12,1,7
BRDA:28,13,0,16
BRDA:28,13,1,1
BRDA:38,14,0,11
BRDA:42,15,0,2
BRDA:42,15,1,10
BRDA:47,16,0,1
BRDA:47,16,1,4
BRF:33
BRH:33
end_of_record
TN:
SF:/Users/barczewski/Documents/Entwicklung/Privat/etos/geldstueckelung/src/components/AppHeader.vue
FN:53,(anonymous_0)
FNF:1
FNH:1
FNDA:1,(anonymous_0)
DA:36,1
DA:37,1
DA:38,1
DA:39,1
DA:40,1
DA:41,1
DA:42,1
DA:44,1
DA:54,1
LF:9
LH:9
BRF:0
BRH:0
end_of_record
TN:
SF:/Users/barczewski/Documents/Entwicklung/Privat/etos/geldstueckelung/src/components/AppMain.vue
FN:146,(anonymous_0)
FN:154,(anonymous_1)
FN:164,(anonymous_2)
FN:167,(anonymous_3)
FN:175,(anonymous_4)
FN:184,(anonymous_5)
FN:189,(anonymous_6)
FN:193,(anonymous_7)
FN:196,(anonymous_8)
FN:211,(anonymous_9)
FN:214,(anonymous_10)
FNF:11
FNH:11
FNDA:1,(anonymous_0)
FNDA:9,(anonymous_1)
FNDA:9,(anonymous_2)
FNDA:1,(anonymous_3)
FNDA:2,(anonymous_4)
FNDA:1,(anonymous_5)
FNDA:2,(anonymous_6)
FNDA:1,(anonymous_7)
FNDA:8,(anonymous_8)
FNDA:1,(anonymous_9)
FNDA:2,(anonymous_10)
DA:133,1
DA:134,1
DA:135,1
DA:136,1
DA:137,1
DA:139,1
DA:146,1
DA:147,1
DA:148,1
DA:151,1
DA:155,9
DA:165,9
DA:168,1
DA:176,2
DA:177,2
DA:178,1
DA:179,1
DA:180,1
DA:185,1
DA:186,1
DA:187,1
DA:190,2
DA:191,2
DA:194,1
DA:197,8
DA:199,8
DA:200,8
DA:201,1
DA:203,7
DA:205,8
DA:206,5
DA:208,3
DA:212,1
DA:215,2
DA:216,2
DA:217,2
DA:218,1
DA:220,1
LF:38
LH:38
BRDA:146,0,0,1
BRDA:146,0,1,1
BRDA:176,1,0,2
BRDA:176,1,1,0
BRDA:177,2,0,1
BRDA:177,2,1,1
BRDA:179,3,0,1
BRDA:179,3,1,0
BRDA:199,4,0,5
BRDA:199,4,1,3
BRDA:200,5,0,1
BRDA:200,5,1,7
BRDA:205,6,0,5
BRDA:205,6,1,3
BRDA:217,7,0,1
BRDA:217,7,1,1
BRF:16
BRH:14
end_of_record
TN:
SF:/Users/barczewski/Documents/Entwicklung/Privat/etos/geldstueckelung/src/components/AppModal.vue
FNF:0
FNH:0
DA:13,2
DA:14,2
LF:2
LH:2
BRF:0
BRH:0
end_of_record
TN:
SF:/Users/barczewski/Documents/Entwicklung/Privat/etos/geldstueckelung/src/components/NumericKeyPad.vue
FN:20,(anonymous_0)
FN:25,(anonymous_1)
FN:28,(anonymous_2)
FN:32,(anonymous_3)
FN:35,(anonymous_4)
FN:43,(anonymous_5)
FNF:6
FNH:6
FNDA:14,(anonymous_0)
FNDA:14,(anonymous_1)
FNDA:2,(anonymous_2)
FNDA:1,(anonymous_3)
FNDA:168,(anonymous_4)
FNDA:12,(anonymous_5)
DA:16,2
DA:18,2
DA:21,14
DA:26,14
DA:29,2
DA:33,1
DA:36,168
DA:38,14
DA:40,154
DA:44,12
DA:45,3
DA:46,12
LF:12
LH:12
BRDA:37,0,0,14
BRDA:37,0,1,154
BRDA:44,1,0,3
BRDA:44,1,1,9
BRDA:46,2,0,4
BRDA:46,2,1,8
BRF:6
BRH:6
end_of_record
TN:
SF:/Users/barczewski/Documents/Entwicklung/Privat/etos/geldstueckelung/src/components/PossibleAmounts.vue
FN:27,(anonymous_0)
FNF:1
FNH:1
FNDA:1,(anonymous_0)
DA:15,2
DA:16,2
DA:18,2
DA:28,1
LF:4
LH:4
BRF:0
BRH:0
end_of_record
TN:
SF:/Users/barczewski/Documents/Entwicklung/Privat/etos/geldstueckelung/src/components/icons/AvatarIcon.vue
FNF:0
FNH:0
DA:10,2
DA:12,2
LF:2
LH:2
BRF:0
BRH:0
end_of_record
TN:
SF:/Users/barczewski/Documents/Entwicklung/Privat/etos/geldstueckelung/src/components/icons/LockedIcon.vue
FNF:0
FNH:0
DA:19,2
DA:21,2
LF:2
LH:2
BRF:0
BRH:0
end_of_record
TN:
SF:/Users/barczewski/Documents/Entwicklung/Privat/etos/geldstueckelung/src/components/icons/MenuArrowIcon.vue
FNF:0
FNH:0
DA:19,2
DA:21,2
LF:2
LH:2
BRF:0
BRH:0
end_of_record
TN:
SF:/Users/barczewski/Documents/Entwicklung/Privat/etos/geldstueckelung/src/components/icons/MenuIcon.vue
FNF:0
FNH:0
DA:19,2
DA:21,2
LF:2
LH:2
BRF:0
BRH:0
end_of_record
TN:
SF:/Users/barczewski/Documents/Entwicklung/Privat/etos/geldstueckelung/src/components/icons/PlusIcon.vue
FNF:0
FNH:0
DA:19,2
DA:21,2
LF:2
LH:2
BRF:0
BRH:0
end_of_record
